CRITICAL - 2022-01-06 08:54:25 --> The framework needs the following extension(s) installed and loaded: intl.
#0 /var/www/html/app_loundri_rendra/system/CodeIgniter.php(219): CodeIgniter\Exceptions\FrameworkException::forMissingExtension()
#1 /var/www/html/app_loundri_rendra/system/CodeIgniter.php(177): CodeIgniter\CodeIgniter->resolvePlatformExtensions()
#2 /var/www/html/app_loundri_rendra/system/bootstrap.php(146): CodeIgniter\CodeIgniter->initialize()
#3 /var/www/html/app_loundri_rendra/spark(45): require('/var/www/html/a...')
#4 {main}
CRITICAL - 2022-01-06 09:00:28 --> The framework needs the following extension(s) installed and loaded: intl.
#0 /var/www/html/app_loundri_rendra/system/CodeIgniter.php(219): CodeIgniter\Exceptions\FrameworkException::forMissingExtension()
#1 /var/www/html/app_loundri_rendra/system/CodeIgniter.php(177): CodeIgniter\CodeIgniter->resolvePlatformExtensions()
#2 /var/www/html/app_loundri_rendra/system/bootstrap.php(146): CodeIgniter\CodeIgniter->initialize()
#3 /var/www/html/app_loundri_rendra/spark(45): require('/var/www/html/a...')
#4 {main}
CRITICAL - 2022-01-06 09:34:10 --> The framework needs the following extension(s) installed and loaded: intl.
#0 /var/www/html/app_loundry_rendra/system/CodeIgniter.php(219): CodeIgniter\Exceptions\FrameworkException::forMissingExtension()
#1 /var/www/html/app_loundry_rendra/system/CodeIgniter.php(177): CodeIgniter\CodeIgniter->resolvePlatformExtensions()
#2 /var/www/html/app_loundry_rendra/system/bootstrap.php(146): CodeIgniter\CodeIgniter->initialize()
#3 /var/www/html/app_loundry_rendra/spark(45): require('/var/www/html/a...')
#4 {main}
CRITICAL - 2022-01-06 09:35:30 --> The framework needs the following extension(s) installed and loaded: intl.
#0 /var/www/html/app_loundry_rendra/system/CodeIgniter.php(219): CodeIgniter\Exceptions\FrameworkException::forMissingExtension()
#1 /var/www/html/app_loundry_rendra/system/CodeIgniter.php(177): CodeIgniter\CodeIgniter->resolvePlatformExtensions()
#2 /var/www/html/app_loundry_rendra/system/bootstrap.php(146): CodeIgniter\CodeIgniter->initialize()
#3 /var/www/html/app_loundry_rendra/spark(45): require('/var/www/html/a...')
#4 {main}
CRITICAL - 2022-01-06 09:41:53 --> The framework needs the following extension(s) installed and loaded: intl.
#0 /var/www/html/app_loundry_rendra/system/CodeIgniter.php(219): CodeIgniter\Exceptions\FrameworkException::forMissingExtension()
#1 /var/www/html/app_loundry_rendra/system/CodeIgniter.php(177): CodeIgniter\CodeIgniter->resolvePlatformExtensions()
#2 /var/www/html/app_loundry_rendra/system/bootstrap.php(146): CodeIgniter\CodeIgniter->initialize()
#3 /var/www/html/app_loundry_rendra/spark(45): require('/var/www/html/a...')
#4 {main}
